<?xml version="1.0" encoding="UTF-8"?>
<!-- Generated by org.testng.reporters.JUnitXMLReporter -->
<testsuite ignored="2" hostname="prashant" failures="0" tests="1" name="Framework_28_Nov" time="23.49" errors="0" timestamp="2024-03-17T16:03:47 IST">
  <testcase classname="testcases.LostYourPasswordTest" name="verifyLostYourPasswordLink" time="11.134"/>
  <testcase classname="testcases.LostYourPasswordTest" name="verifyResetPasswordLinkWithValidUserName" time="0.0">
    <ignored/>
  </testcase> <!-- verifyResetPasswordLinkWithValidUserName -->
  <testcase classname="testcases.LostYourPasswordTest" name="verifyResetPasswordFunctionalityWithoutUsername" time="0.0">
    <ignored/>
  </testcase> <!-- verifyResetPasswordFunctionalityWithoutUsername -->
</testsuite> <!-- Framework_28_Nov -->
