<?xml version="1.0" encoding="UTF-8"?>
<testng-results ignored="0" total="1" passed="1" failed="0" skipped="0">
  <reporter-output>
  </reporter-output>
  <suite started-at="2024-03-17T16:03:23 IST" name="Default Suite" finished-at="2024-03-17T16:03:47 IST" duration-ms="23490">
    <groups>
    </groups>
    <test started-at="2024-03-17T16:03:23 IST" name="Framework_28_Nov" finished-at="2024-03-17T16:03:47 IST" duration-ms="23490">
      <class name="testcases.LostYourPasswordTest">
        <test-method is-config="true" signature="preRequisite()[pri:0, instance:testcases.LostYourPasswordTest@3cc1435c]" started-at="2024-03-17T16:03:23 IST" name="preRequisite" finished-at="2024-03-17T16:03:35 IST" duration-ms="12056" status="PASS">
          <reporter-output>
          </reporter-output>
        </test-method> <!-- preRequisite -->
        <test-method signature="verifyLostYourPasswordLink()[pri:0, instance:testcases.LostYourPasswordTest@3cc1435c]" started-at="2024-03-17T16:03:35 IST" name="verifyLostYourPasswordLink" description="Verify lost your password link is clickable" finished-at="2024-03-17T16:03:46 IST" duration-ms="11134" status="PASS">
          <reporter-output>
          </reporter-output>
        </test-method> <!-- verifyLostYourPasswordLink -->
        <test-method is-config="true" signature="tearDown()[pri:0, instance:testcases.LostYourPasswordTest@3cc1435c]" started-at="2024-03-17T16:03:46 IST" name="tearDown" finished-at="2024-03-17T16:03:47 IST" duration-ms="194" status="PASS">
          <reporter-output>
          </reporter-output>
        </test-method> <!-- tearDown -->
      </class> <!-- testcases.LostYourPasswordTest -->
    </test> <!-- Framework_28_Nov -->
  </suite> <!-- Default Suite -->
</testng-results>
